<?xml version="1.0" encoding="UTF-8"?>
<!-- Generated by org.testng.reporters.JUnitReportReporter -->
<testsuite skipped="0" hostname="LP1-AP-51685370" name="com.hcl.magentotest.RegiserTest" tests="2" failures="0" timestamp="2020-05-07T17:06:43 IST" time="25.174" errors="0">
  <testcase name="RegistrationTest" time="13.112" classname="com.hcl.magentotest.RegiserTest"/>
  <system-out/>
  <testcase name="RegistrationTest" time="12.062" classname="com.hcl.magentotest.RegiserTest"/>
  <system-out/>
</testsuite> <!-- com.hcl.magentotest.RegiserTest -->
