<?xml version="1.0" encoding="UTF-8"?>
<!-- Generated by org.testng.reporters.JUnitReportReporter -->
<testsuite skipped="0" hostname="LP1-AP-51685370" name="com.hcl.magentotest.LoginTest" tests="6" failures="0" timestamp="2020-05-07T17:06:43 IST" time="125.198" errors="0">
  <testcase name="validCredentialTest" time="22.910" classname="com.hcl.magentotest.LoginTest"/>
  <system-out/>
  <testcase name="invlaidCredentialTest" time="25.459" classname="com.hcl.magentotest.LoginTest"/>
  <system-out/>
  <testcase name="invlaidCredentialTest" time="17.640" classname="com.hcl.magentotest.LoginTest"/>
  <system-out/>
  <testcase name="invlaidCredentialTest" time="23.702" classname="com.hcl.magentotest.LoginTest"/>
  <system-out/>
  <testcase name="invlaidCredentialTest" time="17.731" classname="com.hcl.magentotest.LoginTest"/>
  <system-out/>
  <testcase name="invlaidCredentialTest" time="17.756" classname="com.hcl.magentotest.LoginTest"/>
  <system-out/>
</testsuite> <!-- com.hcl.magentotest.LoginTest -->
